<?xml version="1.0" encoding="UTF-8" ?>
<testsuite skipped="0" tests="4" failures="0" errors="0" name="CoolReminderControllerSpec" time="2.938">
  <properties>
    <property value="IBM Corporation" name="java.vendor"/>
    <property value="C:\Documents and Settings\choprp1\.m2\repository" name="localRepository"/>
    <property value="SUN_STANDARD" name="sun.java.launcher"/>
    <property value="Windows XP" name="os.name"/>
    <property value="C:\Program Files\IBM\SDP\jdk\jre\lib\endorsed\jaxws-api.jar;C:\Program Files\IBM\SDP\jdk\jre\lib\endorsed\jaxb-api.jar;C:\Program Files\IBM\SDP\jdk\jre\lib\endorsed\javax.j2ee.annotation.jar;C:\Program Files\IBM\SDP\jdk\jre\lib\vm.jar;C:\Program Files\IBM\SDP\jdk\jre\lib\annotation.jar;C:\Program Files\IBM\SDP\jdk\jre\lib\beans.jar;C:\Program Files\IBM\SDP\jdk\jre\lib\java.util.jar;C:\Program Files\IBM\SDP\jdk\jre\lib\jndi.jar;C:\Program Files\IBM\SDP\jdk\jre\lib\logging.jar;C:\Program Files\IBM\SDP\jdk\jre\lib\security.jar;C:\Program Files\IBM\SDP\jdk\jre\lib\sql.jar;C:\Program Files\IBM\SDP\jdk\jre\lib\ibmorb.jar;C:\Program Files\IBM\SDP\jdk\jre\lib\ibmorbapi.jar;C:\Program Files\IBM\SDP\jdk\jre\lib\ibmcfw.jar;C:\Program Files\IBM\SDP\jdk\jre\lib\rt.jar;C:\Program Files\IBM\SDP\jdk\jre\lib\charsets.jar;C:\Program Files\IBM\SDP\jdk\jre\lib\resources.jar;C:\Program Files\IBM\SDP\jdk\jre\lib\ibmpkcs.jar;C:\Program Files\IBM\SDP\jdk\jre\lib\ibmcertpathfw.jar;C:\Program Files\IBM\SDP\jdk\jre\lib\ibmjgssfw.jar;C:\Program Files\IBM\SDP\jdk\jre\lib\ibmjssefw.jar;C:\Program Files\IBM\SDP\jdk\jre\lib\ibmsaslfw.jar;C:\Program Files\IBM\SDP\jdk\jre\lib\ibmjcefw.jar;C:\Program Files\IBM\SDP\jdk\jre\lib\ibmjgssprovider.jar;C:\Program Files\IBM\SDP\jdk\jre\lib\ibmjsseprovider2.jar;C:\Program Files\IBM\SDP\jdk\jre\lib\ibmcertpathprovider.jar;C:\Program Files\IBM\SDP\jdk\jre\lib\ibmxmlcrypto.jar;C:\Program Files\IBM\SDP\jdk\jre\lib\management-agent.jar;C:\Program Files\IBM\SDP\jdk\jre\lib\xml.jar;C:\Program Files\IBM\SDP\jdk\jre\lib\jlm.jar;C:\Program Files\IBM\SDP\jdk\jre\lib\javascript.jar" name="sun.boot.class.path"/>
    <property value="" name="sun.java2d.fontpath"/>
    <property value="Sun Microsystems Inc." name="java.vm.specification.vendor"/>
    <property value="jvmwi3260sr9-20110324_78506" name="java.runtime.version"/>
    <property value="choprp1" name="user.name"/>
    <property value="j9jit24" name="java.compiler"/>
    <property value="UTF8" name="os.encoding"/>
    <property value="" name="com.ibm.util.extralibs.properties"/>
    <property value="" name="com.ibm.jcl.checkClassPath"/>
    <property value="en" name="user.language"/>
    <property value="C:\Program Files\IBM\SDP\jdk\jre\bin" name="com.ibm.oti.vm.bootstrap.library.path"/>
    <property value="C:\Program Files\IBM\SDP\jdk\jre\bin" name="sun.boot.library.path"/>
    <property value="1.6.0" name="java.version"/>
    <property value="America/Chicago" name="user.timezone"/>
    <property value="32" name="sun.arch.data.model"/>
    <property value="1" name="com.ibm.zero.version"/>
    <property value="C:\Program Files\IBM\SDP\jdk\jre\lib\endorsed" name="java.endorsed.dirs"/>
    <property value="24" name="com.ibm.oti.vm.library.version"/>
    <property value="Cp1252" name="sun.jnu.encoding"/>
    <property value="15" name="jxe.current.romimage.version"/>
    <property value="\" name="file.separator"/>
    <property value="Java Platform API Specification" name="java.specification.name"/>
    <property value="50.0" name="java.class.version"/>
    <property value="US" name="user.country"/>
    <property value="C:\Program Files\IBM\SDP\jdk\jre" name="java.home"/>
    <property value="JRE 1.6.0 IBM J9 2.4 Windows XP x86-32 jvmwi3260sr9-20110324_78506 (JIT enabled, AOT enabled)
J9VM - 20110324_078506
JIT  - r9_20101028_17488ifx3
GC   - 20101027_AA" name="java.vm.info"/>
    <property value="5.1 build 2600 Service Pack 3" name="os.version"/>
    <property value="C:\DOCUME~1\choprp1\LOCALS~1\Temp\surefirebooter2549150878849999751.jar" name="surefire.real.class.path"/>
    <property value="" name="java.awt.fonts"/>
    <property value=";" name="path.separator"/>
    <property value="2.4" name="java.vm.version"/>
    <property value="java.util.prefs.WindowsPreferencesFactory" name="java.util.prefs.PreferencesFactory"/>
    <property value="" name="user.variant"/>
    <property value="Cp437" name="console.encoding"/>
    <property value="sun.awt.windows.WPrinterJob" name="java.awt.printerjob"/>
    <property value="UnicodeLittle" name="sun.io.unicode.encoding"/>
    <property value="sun.awt.windows.WToolkit" name="awt.toolkit"/>
    <property value="true" name="ibm.signalhandling.sigint"/>
    <property value="ON" name="java.assistive"/>
    <property value="C:\Documents and Settings\choprp1" name="user.home"/>
    <property value="little" name="com.ibm.cpu.endian"/>
    <property value="Sun Microsystems Inc." name="java.specification.vendor"/>
    <property value="true" name="ibm.signalhandling.sigchain"/>
    <property value="C:\Program Files\IBM\SDP\jdk\jre\bin;.;C:/Program Files/IBM/SDP//jdk/jre/bin/j9vm;C:/Program Files/IBM/SDP//jdk/jre/bin;C:/Program Files/IBM/SDP//jdk/jre/lib/i386;C:\Perl\site\bin;C:\Perl\bin;C:\ora\9iClient\bin;C:\WINXP\system32;C:\WINXP;C:\WINXP\System32\Wbem;C:\WINXP\system32\WindowsPowerShell\v1.0;C:\Program Files\Lotus\Notes;C:\Program Files\Intel\WiFi\bin\;C:\Program Files\Common Files\Ulead Systems\MPEG;C:\PROGRA~1\IBM\SQLLIB\BIN;C:\PROGRA~1\IBM\SQLLIB\FUNCTION;C:\PROGRA~1\IBM\SQLLIB\SAMPLES\REPL;C:\Program Files\Windows Imaging\;C:\Program Files\Microsoft SQL Server\100\Tools\Binn\;C:\Program Files\Microsoft SQL Server\100\DTS\Binn\;C:\Program Files\Microsoft SQL Server\100\Tools\Binn\VSShell\Common7\IDE\;C:\Program Files\Microsoft Visual Studio 9.0\Common7\IDE\PrivateAssemblies\;C:\Program Files\nodejs\;C:\Program Files\Git\cmd;C:\Program Files\QuickTime\QTSystem\;.;C:\apache-maven-2.2.1-bin\bin;C:\Program Files\IBM\SDP\jdk\bin;C:\Program Files\Java\jre1.6.0_06\bin;C:\Documents and Settings\choprp1\Application Data\npm;C:\Pawan&apos;sDev\MongoDb\bin;C:\Program Files\KDiff3\bin;C:\Pawan&apos;sDev\sonar-runner-2.2\bin;C:\Program Files\Git\cmd;C:\Program Files\IBM\SDP;" name="java.library.path"/>
    <property value="http://www.ibm.com/" name="java.vendor.url"/>
    <property value="IBM Corporation" name="java.vm.vendor"/>
    <property value="JRE 1.6.0 IBM J9 2.4 Windows XP x86-32 jvmwi3260sr9-20110324_78506 (JIT enabled, AOT enabled)
J9VM - 20110324_078506
JIT  - r9_20101028_17488ifx3
GC   - 20101027_AA" name="java.fullversion"/>
    <property value="Java(TM) SE Runtime Environment" name="java.runtime.name"/>
    <property value="C:\DOCUME~1\choprp1\LOCALS~1\Temp\surefirebooter2549150878849999751.jar C:\DOCUME~1\choprp1\LOCALS~1\Temp\surefire5562724454625412357tmp C:\DOCUME~1\choprp1\LOCALS~1\Temp\surefire8055723268656499621tmp" name="sun.java.command"/>
    <property value="C:\workspace\GroovyTest\target\test-classes;C:\workspace\GroovyTest\target\classes;C:\Documents and Settings\choprp1\.m2\repository\org\springframework\spring-core\3.1.0.RELEASE\spring-core-3.1.0.RELEASE.jar;C:\Documents and Settings\choprp1\.m2\repository\org\springframework\spring-asm\3.1.0.RELEASE\spring-asm-3.1.0.RELEASE.jar;C:\Documents and Settings\choprp1\.m2\repository\commons-logging\commons-logging\1.1.1\commons-logging-1.1.1.jar;C:\Documents and Settings\choprp1\.m2\repository\org\springframework\spring-jdbc\3.1.0.RELEASE\spring-jdbc-3.1.0.RELEASE.jar;C:\Documents and Settings\choprp1\.m2\repository\org\springframework\spring-beans\3.1.0.RELEASE\spring-beans-3.1.0.RELEASE.jar;C:\Documents and Settings\choprp1\.m2\repository\org\springframework\spring-tx\3.1.0.RELEASE\spring-tx-3.1.0.RELEASE.jar;C:\Documents and Settings\choprp1\.m2\repository\aopalliance\aopalliance\1.0\aopalliance-1.0.jar;C:\Documents and Settings\choprp1\.m2\repository\org\springframework\spring-aop\3.0.6.RELEASE\spring-aop-3.0.6.RELEASE.jar;C:\Documents and Settings\choprp1\.m2\repository\org\springframework\spring-context\3.1.0.RELEASE\spring-context-3.1.0.RELEASE.jar;C:\Documents and Settings\choprp1\.m2\repository\org\springframework\spring-expression\3.1.0.RELEASE\spring-expression-3.1.0.RELEASE.jar;C:\Documents and Settings\choprp1\.m2\repository\org\springframework\spring-test\3.1.0.RELEASE\spring-test-3.1.0.RELEASE.jar;C:\Documents and Settings\choprp1\.m2\repository\org\springframework\spring-orm\3.1.0.RELEASE\spring-orm-3.1.0.RELEASE.jar;C:\Documents and Settings\choprp1\.m2\repository\org\springframework\spring-web\3.1.0.RELEASE\spring-web-3.1.0.RELEASE.jar;C:\Documents and Settings\choprp1\.m2\repository\org\springframework\spring-webmvc\3.1.0.RELEASE\spring-webmvc-3.1.0.RELEASE.jar;C:\Documents and Settings\choprp1\.m2\repository\org\springframework\spring-context-support\3.1.0.RELEASE\spring-context-support-3.1.0.RELEASE.jar;C:\Documents and Settings\choprp1\.m2\repository\org\hibernate\hibernate-core\3.6.0.Final\hibernate-core-3.6.0.Final.jar;C:\Documents and Settings\choprp1\.m2\repository\antlr\antlr\2.7.6\antlr-2.7.6.jar;C:\Documents and Settings\choprp1\.m2\repository\commons-collections\commons-collections\3.1\commons-collections-3.1.jar;C:\Documents and Settings\choprp1\.m2\repository\dom4j\dom4j\1.6.1\dom4j-1.6.1.jar;C:\Documents and Settings\choprp1\.m2\repository\org\hibernate\hibernate-commons-annotations\3.2.0.Final\hibernate-commons-annotations-3.2.0.Final.jar;C:\Documents and Settings\choprp1\.m2\repository\org\slf4j\slf4j-api\1.7.5\slf4j-api-1.7.5.jar;C:\Documents and Settings\choprp1\.m2\repository\org\hibernate\javax\persistence\hibernate-jpa-2.0-api\1.0.0.Final\hibernate-jpa-2.0-api-1.0.0.Final.jar;C:\Documents and Settings\choprp1\.m2\repository\javax\transaction\jta\1.1\jta-1.1.jar;C:\Documents and Settings\choprp1\.m2\repository\javassist\javassist\3.9.0.GA\javassist-3.9.0.GA.jar;C:\Documents and Settings\choprp1\.m2\repository\javax\servlet\servlet-api\2.5\servlet-api-2.5.jar;C:\Documents and Settings\choprp1\.m2\repository\javax\validation\validation-api\1.0.0.GA\validation-api-1.0.0.GA.jar;C:\Documents and Settings\choprp1\.m2\repository\org\hsqldb\hsqldb\2.0.0\hsqldb-2.0.0.jar;C:\Documents and Settings\choprp1\.m2\repository\javax\mail\mail\1.4.1\mail-1.4.1.jar;C:\Documents and Settings\choprp1\.m2\repository\javax\activation\activation\1.1\activation-1.1.jar;C:\Documents and Settings\choprp1\.m2\repository\jstl\jstl\1.2\jstl-1.2.jar;C:\Documents and Settings\choprp1\.m2\repository\com\atomikos\transactions-jta\3.7.0\transactions-jta-3.7.0.jar;C:\Documents and Settings\choprp1\.m2\repository\com\atomikos\transactions\3.7.0\transactions-3.7.0.jar;C:\Documents and Settings\choprp1\.m2\repository\com\atomikos\transactions-api\3.7.0\transactions-api-3.7.0.jar;C:\Documents and Settings\choprp1\.m2\repository\com\atomikos\atomikos-util\3.7.0\atomikos-util-3.7.0.jar;C:\Documents and Settings\choprp1\.m2\repository\org\springframework\security\spring-security-web\3.1.0.RELEASE\spring-security-web-3.1.0.RELEASE.jar;C:\Documents and Settings\choprp1\.m2\repository\org\springframework\security\spring-security-core\3.1.0.RELEASE\spring-security-core-3.1.0.RELEASE.jar;C:\Documents and Settings\choprp1\.m2\repository\org\springframework\security\spring-security-crypto\3.1.0.RELEASE\spring-security-crypto-3.1.0.RELEASE.jar;C:\Documents and Settings\choprp1\.m2\repository\org\hibernate\hibernate-validator\4.0.2.GA\hibernate-validator-4.0.2.GA.jar;C:\Documents and Settings\choprp1\.m2\repository\com\atomikos\transactions-jdbc\3.7.0\transactions-jdbc-3.7.0.jar;C:\Documents and Settings\choprp1\.m2\repository\org\apache\activemq\activemq-core\5.4.1\activemq-core-5.4.1.jar;C:\Documents and Settings\choprp1\.m2\repository\commons-logging\commons-logging-api\1.1\commons-logging-api-1.1.jar;C:\Documents and Settings\choprp1\.m2\repository\org\apache\geronimo\specs\geronimo-jms_1.1_spec\1.1.1\geronimo-jms_1.1_spec-1.1.1.jar;C:\Documents and Settings\choprp1\.m2\repository\org\apache\activemq\activeio-core\3.1.2\activeio-core-3.1.2.jar;C:\Documents and Settings\choprp1\.m2\repository\org\apache\geronimo\specs\geronimo-j2ee-management_1.1_spec\1.0.1\geronimo-j2ee-management_1.1_spec-1.0.1.jar;C:\Documents and Settings\choprp1\.m2\repository\org\apache\activemq\kahadb\5.4.1\kahadb-5.4.1.jar;C:\Documents and Settings\choprp1\.m2\repository\org\apache\activemq\protobuf\activemq-protobuf\1.1\activemq-protobuf-1.1.jar;C:\Documents and Settings\choprp1\.m2\repository\org\osgi\org.osgi.core\4.1.0\org.osgi.core-4.1.0.jar;C:\Documents and Settings\choprp1\.m2\repository\commons-net\commons-net\2.0\commons-net-2.0.jar;C:\Documents and Settings\choprp1\.m2\repository\org\jasypt\jasypt\1.6\jasypt-1.6.jar;C:\Documents and Settings\choprp1\.m2\repository\commons-lang\commons-lang\2.1\commons-lang-2.1.jar;C:\Documents and Settings\choprp1\.m2\repository\commons-codec\commons-codec\1.1\commons-codec-1.1.jar;C:\Documents and Settings\choprp1\.m2\repository\com\ibm\icu\icu4j\4.0.1\icu4j-4.0.1.jar;C:\Documents and Settings\choprp1\.m2\repository\cglib\cglib-nodep\2.2\cglib-nodep-2.2.jar;C:\Documents and Settings\choprp1\.m2\repository\commons-fileupload\commons-fileupload\1.3\commons-fileupload-1.3.jar;C:\Documents and Settings\choprp1\.m2\repository\commons-io\commons-io\2.2\commons-io-2.2.jar;C:\Documents and Settings\choprp1\.m2\repository\org\spockframework\spock-core\0.5-groovy-1.7\spock-core-0.5-groovy-1.7.jar;C:\Documents and Settings\choprp1\.m2\repository\org\codehaus\groovy\groovy-all\1.7.5\groovy-all-1.7.5.jar;C:\Documents and Settings\choprp1\.m2\repository\junit\junit-dep\4.8.2\junit-dep-4.8.2.jar;C:\Documents and Settings\choprp1\.m2\repository\org\hamcrest\hamcrest-core\1.2\hamcrest-core-1.2.jar;C:\Documents and Settings\choprp1\.m2\repository\org\spockframework\spock-spring\0.5-groovy-1.7\spock-spring-0.5-groovy-1.7.jar;C:\Documents and Settings\choprp1\.m2\repository\org\springframework\security\spring-security-taglibs\3.1.0.RELEASE\spring-security-taglibs-3.1.0.RELEASE.jar;C:\Documents and Settings\choprp1\.m2\repository\org\springframework\security\spring-security-acl\3.1.0.RELEASE\spring-security-acl-3.1.0.RELEASE.jar;C:\workspace\GroovyTest\src\main\webapp\WEB-INF\lib\spock-spring-it-web-0.5-groovy-1.7.jar;C:\Documents and Settings\choprp1\.m2\repository\junit\junit\4.8.1\junit-4.8.1.jar;C:\Documents and Settings\choprp1\.m2\repository\org\apache\tomcat\jasper\6.0.29\jasper-6.0.29.jar;C:\Documents and Settings\choprp1\.m2\repository\org\apache\tomcat\servlet-api\6.0.29\servlet-api-6.0.29.jar;C:\Documents and Settings\choprp1\.m2\repository\org\apache\tomcat\juli\6.0.29\juli-6.0.29.jar;C:\Documents and Settings\choprp1\.m2\repository\org\apache\tomcat\jsp-api\6.0.29\jsp-api-6.0.29.jar;C:\Documents and Settings\choprp1\.m2\repository\org\apache\tomcat\el-api\6.0.29\el-api-6.0.29.jar;C:\Documents and Settings\choprp1\.m2\repository\org\apache\tomcat\catalina\6.0.29\catalina-6.0.29.jar;C:\Documents and Settings\choprp1\.m2\repository\org\apache\tomcat\annotations-api\6.0.29\annotations-api-6.0.29.jar;C:\Documents and Settings\choprp1\.m2\repository\org\apache\tomcat\jasper-jdt\6.0.29\jasper-jdt-6.0.29.jar;C:\Documents and Settings\choprp1\.m2\repository\org\apache\tomcat\jasper-el\6.0.29\jasper-el-6.0.29.jar;C:\Documents and Settings\choprp1\.m2\repository\org\htmlparser\htmlparser\1.6\htmlparser-1.6.jar;" name="java.class.path"/>
    <property value="Java Virtual Machine Specification" name="java.vm.specification.name"/>
    <property value="1.0" name="java.vm.specification.version"/>
    <property value="C:\workspace\GroovyTest\target\test-classes;C:\workspace\GroovyTest\target\classes;C:\Documents and Settings\choprp1\.m2\repository\org\springframework\spring-core\3.1.0.RELEASE\spring-core-3.1.0.RELEASE.jar;C:\Documents and Settings\choprp1\.m2\repository\org\springframework\spring-asm\3.1.0.RELEASE\spring-asm-3.1.0.RELEASE.jar;C:\Documents and Settings\choprp1\.m2\repository\commons-logging\commons-logging\1.1.1\commons-logging-1.1.1.jar;C:\Documents and Settings\choprp1\.m2\repository\org\springframework\spring-jdbc\3.1.0.RELEASE\spring-jdbc-3.1.0.RELEASE.jar;C:\Documents and Settings\choprp1\.m2\repository\org\springframework\spring-beans\3.1.0.RELEASE\spring-beans-3.1.0.RELEASE.jar;C:\Documents and Settings\choprp1\.m2\repository\org\springframework\spring-tx\3.1.0.RELEASE\spring-tx-3.1.0.RELEASE.jar;C:\Documents and Settings\choprp1\.m2\repository\aopalliance\aopalliance\1.0\aopalliance-1.0.jar;C:\Documents and Settings\choprp1\.m2\repository\org\springframework\spring-aop\3.0.6.RELEASE\spring-aop-3.0.6.RELEASE.jar;C:\Documents and Settings\choprp1\.m2\repository\org\springframework\spring-context\3.1.0.RELEASE\spring-context-3.1.0.RELEASE.jar;C:\Documents and Settings\choprp1\.m2\repository\org\springframework\spring-expression\3.1.0.RELEASE\spring-expression-3.1.0.RELEASE.jar;C:\Documents and Settings\choprp1\.m2\repository\org\springframework\spring-test\3.1.0.RELEASE\spring-test-3.1.0.RELEASE.jar;C:\Documents and Settings\choprp1\.m2\repository\org\springframework\spring-orm\3.1.0.RELEASE\spring-orm-3.1.0.RELEASE.jar;C:\Documents and Settings\choprp1\.m2\repository\org\springframework\spring-web\3.1.0.RELEASE\spring-web-3.1.0.RELEASE.jar;C:\Documents and Settings\choprp1\.m2\repository\org\springframework\spring-webmvc\3.1.0.RELEASE\spring-webmvc-3.1.0.RELEASE.jar;C:\Documents and Settings\choprp1\.m2\repository\org\springframework\spring-context-support\3.1.0.RELEASE\spring-context-support-3.1.0.RELEASE.jar;C:\Documents and Settings\choprp1\.m2\repository\org\hibernate\hibernate-core\3.6.0.Final\hibernate-core-3.6.0.Final.jar;C:\Documents and Settings\choprp1\.m2\repository\antlr\antlr\2.7.6\antlr-2.7.6.jar;C:\Documents and Settings\choprp1\.m2\repository\commons-collections\commons-collections\3.1\commons-collections-3.1.jar;C:\Documents and Settings\choprp1\.m2\repository\dom4j\dom4j\1.6.1\dom4j-1.6.1.jar;C:\Documents and Settings\choprp1\.m2\repository\org\hibernate\hibernate-commons-annotations\3.2.0.Final\hibernate-commons-annotations-3.2.0.Final.jar;C:\Documents and Settings\choprp1\.m2\repository\org\slf4j\slf4j-api\1.7.5\slf4j-api-1.7.5.jar;C:\Documents and Settings\choprp1\.m2\repository\org\hibernate\javax\persistence\hibernate-jpa-2.0-api\1.0.0.Final\hibernate-jpa-2.0-api-1.0.0.Final.jar;C:\Documents and Settings\choprp1\.m2\repository\javax\transaction\jta\1.1\jta-1.1.jar;C:\Documents and Settings\choprp1\.m2\repository\javassist\javassist\3.9.0.GA\javassist-3.9.0.GA.jar;C:\Documents and Settings\choprp1\.m2\repository\javax\servlet\servlet-api\2.5\servlet-api-2.5.jar;C:\Documents and Settings\choprp1\.m2\repository\javax\validation\validation-api\1.0.0.GA\validation-api-1.0.0.GA.jar;C:\Documents and Settings\choprp1\.m2\repository\org\hsqldb\hsqldb\2.0.0\hsqldb-2.0.0.jar;C:\Documents and Settings\choprp1\.m2\repository\javax\mail\mail\1.4.1\mail-1.4.1.jar;C:\Documents and Settings\choprp1\.m2\repository\javax\activation\activation\1.1\activation-1.1.jar;C:\Documents and Settings\choprp1\.m2\repository\jstl\jstl\1.2\jstl-1.2.jar;C:\Documents and Settings\choprp1\.m2\repository\com\atomikos\transactions-jta\3.7.0\transactions-jta-3.7.0.jar;C:\Documents and Settings\choprp1\.m2\repository\com\atomikos\transactions\3.7.0\transactions-3.7.0.jar;C:\Documents and Settings\choprp1\.m2\repository\com\atomikos\transactions-api\3.7.0\transactions-api-3.7.0.jar;C:\Documents and Settings\choprp1\.m2\repository\com\atomikos\atomikos-util\3.7.0\atomikos-util-3.7.0.jar;C:\Documents and Settings\choprp1\.m2\repository\org\springframework\security\spring-security-web\3.1.0.RELEASE\spring-security-web-3.1.0.RELEASE.jar;C:\Documents and Settings\choprp1\.m2\repository\org\springframework\security\spring-security-core\3.1.0.RELEASE\spring-security-core-3.1.0.RELEASE.jar;C:\Documents and Settings\choprp1\.m2\repository\org\springframework\security\spring-security-crypto\3.1.0.RELEASE\spring-security-crypto-3.1.0.RELEASE.jar;C:\Documents and Settings\choprp1\.m2\repository\org\hibernate\hibernate-validator\4.0.2.GA\hibernate-validator-4.0.2.GA.jar;C:\Documents and Settings\choprp1\.m2\repository\com\atomikos\transactions-jdbc\3.7.0\transactions-jdbc-3.7.0.jar;C:\Documents and Settings\choprp1\.m2\repository\org\apache\activemq\activemq-core\5.4.1\activemq-core-5.4.1.jar;C:\Documents and Settings\choprp1\.m2\repository\commons-logging\commons-logging-api\1.1\commons-logging-api-1.1.jar;C:\Documents and Settings\choprp1\.m2\repository\org\apache\geronimo\specs\geronimo-jms_1.1_spec\1.1.1\geronimo-jms_1.1_spec-1.1.1.jar;C:\Documents and Settings\choprp1\.m2\repository\org\apache\activemq\activeio-core\3.1.2\activeio-core-3.1.2.jar;C:\Documents and Settings\choprp1\.m2\repository\org\apache\geronimo\specs\geronimo-j2ee-management_1.1_spec\1.0.1\geronimo-j2ee-management_1.1_spec-1.0.1.jar;C:\Documents and Settings\choprp1\.m2\repository\org\apache\activemq\kahadb\5.4.1\kahadb-5.4.1.jar;C:\Documents and Settings\choprp1\.m2\repository\org\apache\activemq\protobuf\activemq-protobuf\1.1\activemq-protobuf-1.1.jar;C:\Documents and Settings\choprp1\.m2\repository\org\osgi\org.osgi.core\4.1.0\org.osgi.core-4.1.0.jar;C:\Documents and Settings\choprp1\.m2\repository\commons-net\commons-net\2.0\commons-net-2.0.jar;C:\Documents and Settings\choprp1\.m2\repository\org\jasypt\jasypt\1.6\jasypt-1.6.jar;C:\Documents and Settings\choprp1\.m2\repository\commons-lang\commons-lang\2.1\commons-lang-2.1.jar;C:\Documents and Settings\choprp1\.m2\repository\commons-codec\commons-codec\1.1\commons-codec-1.1.jar;C:\Documents and Settings\choprp1\.m2\repository\com\ibm\icu\icu4j\4.0.1\icu4j-4.0.1.jar;C:\Documents and Settings\choprp1\.m2\repository\cglib\cglib-nodep\2.2\cglib-nodep-2.2.jar;C:\Documents and Settings\choprp1\.m2\repository\commons-fileupload\commons-fileupload\1.3\commons-fileupload-1.3.jar;C:\Documents and Settings\choprp1\.m2\repository\commons-io\commons-io\2.2\commons-io-2.2.jar;C:\Documents and Settings\choprp1\.m2\repository\org\spockframework\spock-core\0.5-groovy-1.7\spock-core-0.5-groovy-1.7.jar;C:\Documents and Settings\choprp1\.m2\repository\org\codehaus\groovy\groovy-all\1.7.5\groovy-all-1.7.5.jar;C:\Documents and Settings\choprp1\.m2\repository\junit\junit-dep\4.8.2\junit-dep-4.8.2.jar;C:\Documents and Settings\choprp1\.m2\repository\org\hamcrest\hamcrest-core\1.2\hamcrest-core-1.2.jar;C:\Documents and Settings\choprp1\.m2\repository\org\spockframework\spock-spring\0.5-groovy-1.7\spock-spring-0.5-groovy-1.7.jar;C:\Documents and Settings\choprp1\.m2\repository\org\springframework\security\spring-security-taglibs\3.1.0.RELEASE\spring-security-taglibs-3.1.0.RELEASE.jar;C:\Documents and Settings\choprp1\.m2\repository\org\springframework\security\spring-security-acl\3.1.0.RELEASE\spring-security-acl-3.1.0.RELEASE.jar;C:\workspace\GroovyTest\src\main\webapp\WEB-INF\lib\spock-spring-it-web-0.5-groovy-1.7.jar;C:\Documents and Settings\choprp1\.m2\repository\junit\junit\4.8.1\junit-4.8.1.jar;C:\Documents and Settings\choprp1\.m2\repository\org\apache\tomcat\jasper\6.0.29\jasper-6.0.29.jar;C:\Documents and Settings\choprp1\.m2\repository\org\apache\tomcat\servlet-api\6.0.29\servlet-api-6.0.29.jar;C:\Documents and Settings\choprp1\.m2\repository\org\apache\tomcat\juli\6.0.29\juli-6.0.29.jar;C:\Documents and Settings\choprp1\.m2\repository\org\apache\tomcat\jsp-api\6.0.29\jsp-api-6.0.29.jar;C:\Documents and Settings\choprp1\.m2\repository\org\apache\tomcat\el-api\6.0.29\el-api-6.0.29.jar;C:\Documents and Settings\choprp1\.m2\repository\org\apache\tomcat\catalina\6.0.29\catalina-6.0.29.jar;C:\Documents and Settings\choprp1\.m2\repository\org\apache\tomcat\annotations-api\6.0.29\annotations-api-6.0.29.jar;C:\Documents and Settings\choprp1\.m2\repository\org\apache\tomcat\jasper-jdt\6.0.29\jasper-jdt-6.0.29.jar;C:\Documents and Settings\choprp1\.m2\repository\org\apache\tomcat\jasper-el\6.0.29\jasper-el-6.0.29.jar;C:\Documents and Settings\choprp1\.m2\repository\org\htmlparser\htmlparser\1.6\htmlparser-1.6.jar;" name="surefire.test.class.path"/>
    <property value="C:\DOCUME~1\choprp1\LOCALS~1\Temp\" name="java.io.tmpdir"/>
    <property value="20110203_01" name="java.jcl.version"/>
    <property value="Cp1252" name="ibm.system.encoding"/>
    <property value="x86" name="os.arch"/>
    <property value="sun.awt.Win32GraphicsEnvironment" name="java.awt.graphicsenv"/>
    <property value="false" name="ibm.signalhandling.rs"/>
    <property value="C:\Program Files\IBM\SDP\jdk\jre\lib\ext" name="java.ext.dirs"/>
    <property value="C:\workspace\GroovyTest" name="user.dir"/>
    <property value="
" name="line.separator"/>
    <property value="IBM J9 VM" name="java.vm.name"/>
    <property value="false" name="com.ibm.oti.shared.enabled"/>
    <property value="32" name="com.ibm.vm.bitmode"/>
    <property value="C:\workspace\GroovyTest" name="basedir"/>
    <property value="15" name="jxe.lowest.romimage.version"/>
    <property value="Cp1252" name="file.encoding"/>
    <property value="20110323_1152" name="com.ibm.oti.jcl.build"/>
    <property value="1.6" name="java.specification.version"/>
    <property value="scar" name="com.ibm.oti.configuration"/>
  </properties>
  <testcase classname="CoolReminderControllerSpec" name="Should validate user input and return error if it&apos;s not value" time="0.312"/>
  <testcase classname="CoolReminderControllerSpec" name="Should be able to insert Reminder in database" time="0.063"/>
  <testcase classname="CoolReminderControllerSpec" name="Should be able to fetch Reminder from database" time="0.031"/>
  <testcase classname="CoolReminderControllerSpec" name="Should contain Exception details when some error occured" time="0.031"/>
</testsuite>